<c:u.debug  xmlns:c="https://henryco.net/escapy"
           xmlns:o="https://henryco.net/escapy"
>
    <o:short>123</o:short>

    <c:u.p.type>
        <o:float>0</o:float>
    </c:u.p.type>

    <c:u.class>
        <o:byte>0</o:byte>
    </c:u.class>

    <c:u.array>
        <!-- first arg defines newArrayInstance type -->
        <c:u.p.type>
            <!--It works -->
            <!--<o:integer>0</o:integer>-->

            <!--It works-->
            <!--<o:string>integer</o:string>-->

            <!--It works too-->
            integer
        </c:u.p.type>
        <o:integer>1</o:integer>
        <o:integer>2</o:integer>
        <o:integer>3</o:integer>
    </c:u.array>

    <c:test.test/>
    <c:test.test/>
    <c:test.test/>
    <c:test.test/>

    <o:string> BANG! </o:string>

    <!--2D array of Strings-->
    <c:u.array>

        <!--type: [[Ljava.lang.String;-->
        <c:u.class>
            <c:u.array>
                <c:u.class><o:string/></c:u.class>
            </c:u.array>
        </c:u.class>

        <c:u.array>
            <c:u.class><o:string/></c:u.class>
            <o:string>test1</o:string>
        </c:u.array>
    </c:u.array>

    <c:u.null/>
    <o:void/>

    <c:u.array-auto>
        <o:float>52</o:float>
        <o:float>12</o:float>
    </c:u.array-auto>

    <c:u.array>
        <c:u.p.type> float </c:u.p.type>
        <o:float>52</o:float>
        <o:float>12</o:float>
    </c:u.array>

    <c:u.array-auto>
        <c:u.entry>
            <o:string>A</o:string>
            <o:float>52</o:float>
        </c:u.entry>
        <c:u.entry>
            <o:string>B</o:string>
            <o:float>42</o:float>
        </c:u.entry>
    </c:u.array-auto>

    <c:u.array>
        <c:u.class-by-name>java.util.Map$Entry</c:u.class-by-name>
        <c:u.entry>
            <o:string>B</o:string>
            <o:float>42</o:float>
        </c:u.entry>
        <c:u.entry>
            <o:string>A</o:string>
            <o:float>52</o:float>
        </c:u.entry>
    </c:u.array>

    <c:u.array-list>
        <o:float>5</o:float>
        <o:string>test</o:string>
        <c:u.array-auto>
            <c:u.entry>
                <o:string>A</o:string>
                <o:float>52</o:float>
            </c:u.entry>
            <c:u.entry>
                <o:string>B</o:string>
                <o:float>42</o:float>
            </c:u.entry>
        </c:u.array-auto>
    </c:u.array-list>

</c:u.debug>